<?xml version="1.0" encoding="UTF-8"?>
<!-- Generated by org.testng.reporters.JUnitReportReporter -->
<testsuite hostname="ridwan-PC" name="Demo4Test" tests="1" failures="0" timestamp="10 Nov 2013 20:23:07 GMT" time="34.652" errors="0">
  <testcase name="testLink" time="34.652" classname="Demo4Test"/>
</testsuite> <!-- Demo4Test -->
