<?xml version="1.0" encoding="UTF-8"?>
<!-- Generated by org.testng.reporters.JUnitReportReporter -->
<testsuite hostname="ridwan-PC" name="Demo2Test" tests="2" failures="0" timestamp="10 Nov 2013 17:10:36 GMT" time="2.273" errors="0">
  <testcase name="upload" time="0.369" classname="Demo2Test"/>
  <testcase name="chat" time="1.904" classname="Demo2Test"/>
</testsuite> <!-- Demo2Test -->
