<?xml version="1.0" encoding="UTF-8"?>
<!-- Generated by org.testng.reporters.JUnitReportReporter -->
<testsuite hostname="ridwan-PC" name="Demo1Test" tests="1" failures="0" timestamp="17 Nov 2013 18:53:36 GMT" time="47.541" errors="0">
  <testcase name="testLink" time="47.541" classname="Demo1Test"/>
</testsuite> <!-- Demo1Test -->
