<?xml version="1.0" encoding="UTF-8"?>
<!-- Generated by org.testng.reporters.JUnitReportReporter -->
<testsuite hostname="ridwan-PC" name="Demo2Test" tests="2" failures="0" timestamp="10 Nov 2013 16:58:37 GMT" time="3.675" errors="0">
  <testcase name="upload" time="1.893" classname="Demo2Test"/>
  <testcase name="chat" time="1.782" classname="Demo2Test"/>
</testsuite> <!-- Demo2Test -->
