<?xml version="1.0" encoding="UTF-8"?>
<!-- Generated by org.testng.reporters.JUnitReportReporter -->
<testsuite hostname="ridwan-PC" name="Demo3Test" tests="1" failures="0" timestamp="10 Nov 2013 20:23:07 GMT" time="25.642" errors="0">
  <testcase name="testLink" time="25.642" classname="Demo3Test"/>
</testsuite> <!-- Demo3Test -->
