<?xml version="1.0" encoding="UTF-8"?>
<!-- Generated by org.testng.reporters.JUnitReportReporter -->
<testsuite hostname="ridwan-PC" name="Demo2Test" tests="2" failures="0" timestamp="10 Nov 2013 16:54:23 GMT" time="4.743" errors="0">
  <testcase name="upload" time="1.870" classname="Demo2Test"/>
  <testcase name="chat" time="2.873" classname="Demo2Test"/>
</testsuite> <!-- Demo2Test -->
